2016-04-11 16:21:49,222 [Worker-6] INFO  o.e.m.c.i.l.LifecycleMappingFactory - Using NULL lifecycle mapping for MavenProject: com.magm.compras:Compras:1.0-SNAPSHOT @ /home/ubuntu/Seminario/Compras/pom.xml.
2016-04-11 16:21:52,974 [Worker-6] INFO  o.e.m.c.i.l.LifecycleMappingFactory - Using org.eclipse.m2e.jdt.JarLifecycleMapping lifecycle mapping for MavenProject: com.magm.compras.model:ComprasModel:1.0-SNAPSHOT @ /home/ubuntu/Seminario/ComprasModel/pom.xml.
2016-04-11 16:21:53,181 [Worker-6] INFO  o.e.m.c.i.l.LifecycleMappingFactory - Using org.eclipse.m2e.jdt.JarLifecycleMapping lifecycle mapping for MavenProject: com.magm.compras.persistence:ComprasPersistence:1.0-SNAPSHOT @ /home/ubuntu/Seminario/ComprasPersistence/pom.xml.
2016-04-11 16:21:53,311 [Worker-6] INFO  o.e.m.c.i.l.LifecycleMappingFactory - Using org.eclipse.m2e.jdt.JarLifecycleMapping lifecycle mapping for MavenProject: com.magm.compras.business:ComprasBusiness:1.0-SNAPSHOT @ /home/ubuntu/Seminario/ComprasBusiness/pom.xml.
2016-04-11 16:21:55,860 [Worker-6] INFO  o.e.m.j.i.AbstractJavaProjectConfigurator - Adding source folder /ComprasModel/src/main/java
2016-04-11 16:21:55,878 [Worker-6] INFO  o.e.m.j.i.AbstractJavaProjectConfigurator - Adding source folder /ComprasModel/src/test/java
2016-04-11 16:21:56,728 [Worker-6] INFO  o.e.m.j.i.AbstractJavaProjectConfigurator - Adding source folder /ComprasPersistence/src/main/java
2016-04-11 16:21:56,739 [Worker-6] INFO  o.e.m.j.i.AbstractJavaProjectConfigurator - Adding source folder /ComprasPersistence/src/test/java
2016-04-11 16:21:56,988 [Worker-6] INFO  o.e.m.j.i.AbstractJavaProjectConfigurator - Adding source folder /ComprasBusiness/src/main/java
2016-04-11 16:21:56,991 [Worker-6] INFO  o.e.m.j.i.AbstractJavaProjectConfigurator - Adding source folder /ComprasBusiness/src/test/java
2016-04-11 16:21:57,195 [Worker-6] INFO  o.e.m.c.i.p.ProjectConfigurationManager - Imported and configured 4 project(s) in 13 sec
2016-04-11 16:22:00,285 [Worker-12] INFO  o.e.m.c.i.embedder.EclipseLogger - Using 'UTF-8' encoding to copy filtered resources.
2016-04-11 16:22:00,299 [Worker-12] INFO  o.e.m.c.i.embedder.EclipseLogger - skip non existing resourceDirectory /home/ubuntu/Seminario/ComprasModel/src/main/resources
2016-04-11 16:22:00,312 [Worker-12] INFO  o.e.m.c.i.embedder.EclipseLogger - Using 'UTF-8' encoding to copy filtered resources.
2016-04-11 16:22:00,319 [Worker-12] INFO  o.e.m.c.i.embedder.EclipseLogger - skip non existing resourceDirectory /home/ubuntu/Seminario/ComprasModel/src/test/resources
2016-04-11 16:22:00,494 [Worker-12] INFO  o.e.m.c.i.embedder.EclipseLogger - Using 'UTF-8' encoding to copy filtered resources.
2016-04-11 16:22:00,501 [Worker-12] INFO  o.e.m.c.i.embedder.EclipseLogger - skip non existing resourceDirectory /home/ubuntu/Seminario/ComprasPersistence/src/main/resources
2016-04-11 16:22:00,503 [Worker-12] INFO  o.e.m.c.i.embedder.EclipseLogger - Using 'UTF-8' encoding to copy filtered resources.
2016-04-11 16:22:00,519 [Worker-12] INFO  o.e.m.c.i.embedder.EclipseLogger - skip non existing resourceDirectory /home/ubuntu/Seminario/ComprasPersistence/src/test/resources
2016-04-11 16:22:00,712 [Worker-12] INFO  o.e.m.c.i.embedder.EclipseLogger - Using 'UTF-8' encoding to copy filtered resources.
2016-04-11 16:22:00,738 [Worker-12] INFO  o.e.m.c.i.embedder.EclipseLogger - skip non existing resourceDirectory /home/ubuntu/Seminario/ComprasBusiness/src/main/resources
2016-04-11 16:22:00,749 [Worker-12] INFO  o.e.m.c.i.embedder.EclipseLogger - Using 'UTF-8' encoding to copy filtered resources.
2016-04-11 16:22:00,751 [Worker-12] INFO  o.e.m.c.i.embedder.EclipseLogger - skip non existing resourceDirectory /home/ubuntu/Seminario/ComprasBusiness/src/test/resources
2016-04-11 16:22:11,630 [Worker-11] INFO  o.e.m.c.i.l.LifecycleMappingFactory - Using org.eclipse.m2e.jdt.JarLifecycleMapping lifecycle mapping for MavenProject: com.magm.core:Core:1.0-SNAPSHOT @ /home/ubuntu/Seminario/Core/pom.xml.
2016-04-11 16:22:11,757 [Worker-11] INFO  o.e.m.c.i.l.LifecycleMappingFactory - Using org.eclipse.m2e.jdt.JarLifecycleMapping lifecycle mapping for MavenProject: com.magm.compras.business:ComprasBusiness:1.0-SNAPSHOT @ /home/ubuntu/Seminario/ComprasBusiness/pom.xml.
2016-04-11 16:22:11,839 [Worker-11] INFO  o.e.m.c.i.l.LifecycleMappingFactory - Using org.eclipse.m2e.jdt.JarLifecycleMapping lifecycle mapping for MavenProject: com.magm.compras.model:ComprasModel:1.0-SNAPSHOT @ /home/ubuntu/Seminario/ComprasModel/pom.xml.
2016-04-11 16:22:11,899 [Worker-11] INFO  o.e.m.c.i.l.LifecycleMappingFactory - Using org.eclipse.m2e.jdt.JarLifecycleMapping lifecycle mapping for MavenProject: com.magm.compras.persistence:ComprasPersistence:1.0-SNAPSHOT @ /home/ubuntu/Seminario/ComprasPersistence/pom.xml.
2016-04-11 16:22:11,914 [Worker-11] INFO  o.e.m.c.i.l.LifecycleMappingFactory - Using NULL lifecycle mapping for MavenProject: com.magm.compras:Compras:1.0-SNAPSHOT @ /home/ubuntu/Seminario/Compras/pom.xml.
2016-04-11 16:22:12,344 [Worker-11] INFO  o.e.m.j.i.AbstractJavaProjectConfigurator - Adding source folder /Core/src/main/java
2016-04-11 16:22:12,358 [Worker-11] INFO  o.e.m.j.i.AbstractJavaProjectConfigurator - Adding source folder /Core/src/test/java
2016-04-11 16:22:12,458 [Worker-11] INFO  o.e.m.c.i.p.ProjectConfigurationManager - Imported and configured 1 project(s) in 1 sec
2016-04-11 16:22:12,956 [Worker-1] INFO  o.e.m.c.i.embedder.EclipseLogger - Using 'UTF-8' encoding to copy filtered resources.
2016-04-11 16:22:12,957 [Worker-1] INFO  o.e.m.c.i.embedder.EclipseLogger - skip non existing resourceDirectory /home/ubuntu/Seminario/Core/src/main/resources
2016-04-11 16:22:12,958 [Worker-1] INFO  o.e.m.c.i.embedder.EclipseLogger - Using 'UTF-8' encoding to copy filtered resources.
2016-04-11 16:22:12,976 [Worker-1] INFO  o.e.m.c.i.embedder.EclipseLogger - skip non existing resourceDirectory /home/ubuntu/Seminario/Core/src/test/resources
2016-04-11 16:22:13,110 [Worker-1] INFO  o.e.m.c.i.embedder.EclipseLogger - Using 'UTF-8' encoding to copy filtered resources.
2016-04-11 16:22:13,111 [Worker-1] INFO  o.e.m.c.i.embedder.EclipseLogger - skip non existing resourceDirectory /home/ubuntu/Seminario/ComprasModel/src/main/resources
2016-04-11 16:22:13,112 [Worker-1] INFO  o.e.m.c.i.embedder.EclipseLogger - Using 'UTF-8' encoding to copy filtered resources.
2016-04-11 16:22:13,113 [Worker-1] INFO  o.e.m.c.i.embedder.EclipseLogger - skip non existing resourceDirectory /home/ubuntu/Seminario/ComprasModel/src/test/resources
2016-04-11 16:22:13,214 [Worker-1] INFO  o.e.m.c.i.embedder.EclipseLogger - Using 'UTF-8' encoding to copy filtered resources.
2016-04-11 16:22:13,237 [Worker-1] INFO  o.e.m.c.i.embedder.EclipseLogger - skip non existing resourceDirectory /home/ubuntu/Seminario/ComprasPersistence/src/main/resources
2016-04-11 16:22:13,247 [Worker-1] INFO  o.e.m.c.i.embedder.EclipseLogger - Using 'UTF-8' encoding to copy filtered resources.
2016-04-11 16:22:13,247 [Worker-1] INFO  o.e.m.c.i.embedder.EclipseLogger - skip non existing resourceDirectory /home/ubuntu/Seminario/ComprasPersistence/src/test/resources
2016-04-11 16:22:13,342 [Worker-1] INFO  o.e.m.c.i.embedder.EclipseLogger - Using 'UTF-8' encoding to copy filtered resources.
2016-04-11 16:22:13,356 [Worker-1] INFO  o.e.m.c.i.embedder.EclipseLogger - skip non existing resourceDirectory /home/ubuntu/Seminario/ComprasBusiness/src/main/resources
2016-04-11 16:22:13,358 [Worker-1] INFO  o.e.m.c.i.embedder.EclipseLogger - Using 'UTF-8' encoding to copy filtered resources.
2016-04-11 16:22:13,358 [Worker-1] INFO  o.e.m.c.i.embedder.EclipseLogger - skip non existing resourceDirectory /home/ubuntu/Seminario/ComprasBusiness/src/test/resources
2016-04-11 16:22:23,718 [Worker-10] INFO  o.e.m.c.i.l.LifecycleMappingFactory - Using org.maven.ide.eclipse.wtp.WarLifecycleMapping lifecycle mapping for MavenProject: com.magm.web:Web:1.0-SNAPSHOT @ /home/ubuntu/Seminario/Web/pom.xml.
2016-04-11 16:22:25,142 [Worker-10] INFO  o.e.m.j.i.AbstractJavaProjectConfigurator - Adding source folder /Web/src/main/java
2016-04-11 16:22:25,144 [Worker-10] INFO  o.e.m.j.i.AbstractJavaProjectConfigurator - Adding source folder /Web/src/test/java
2016-04-11 16:22:28,614 [Worker-10] INFO  o.e.m.c.i.p.ProjectConfigurationManager - Imported and configured 1 project(s) in 5 sec
2016-04-11 16:22:31,305 [Worker-16] INFO  o.e.m.i.discovery.MavenDiscovery - No lifecyle mapping found at jar:file:/tmp/RemoteBundleDiscoveryStrategy3983429251392428228.tmp/org.eclipse.m2e.discovery.oss_catalog_1.6.jar_3508619370466845381.jar!/lifecycle%2Forg.eclipse.m2e.discovery.lifecyclemapping.m2e-egit.xml
2016-04-11 16:22:31,306 [Worker-16] WARN  o.e.m.i.discovery.MavenDiscovery - CatalogItem org.eclipse.m2e.discovery.lifecyclemapping.m2e-egit does not contain lifecycle mapping metadata
2016-04-11 16:22:31,341 [Worker-16] INFO  o.e.m.i.discovery.MavenDiscovery - No lifecyle mapping found at jar:file:/tmp/RemoteBundleDiscoveryStrategy3983429251392428228.tmp/org.eclipse.m2e.discovery.oss_catalog_1.6.jar_3508619370466845381.jar!/lifecycle%2Forg.eclipse.m2e.discovery.lifecyclemapping.m2e-subversive.xml
2016-04-11 16:22:31,347 [Worker-16] WARN  o.e.m.i.discovery.MavenDiscovery - CatalogItem org.eclipse.m2e.discovery.lifecyclemapping.m2e-subversive does not contain lifecycle mapping metadata
2016-04-11 16:22:31,843 [Worker-14] INFO  o.e.m.c.i.embedder.EclipseLogger - Using 'UTF-8' encoding to copy filtered resources.
2016-04-11 16:22:31,868 [Worker-14] INFO  o.e.m.c.i.embedder.EclipseLogger - skip non existing resourceDirectory /home/ubuntu/Seminario/Core/src/main/resources
2016-04-11 16:22:31,873 [Worker-14] INFO  o.e.m.c.i.embedder.EclipseLogger - Using 'UTF-8' encoding to copy filtered resources.
2016-04-11 16:22:31,905 [Worker-14] INFO  o.e.m.c.i.embedder.EclipseLogger - skip non existing resourceDirectory /home/ubuntu/Seminario/Core/src/test/resources
2016-04-11 16:22:32,393 [Worker-14] INFO  o.e.m.c.i.embedder.EclipseLogger - Using 'UTF-8' encoding to copy filtered resources.
2016-04-11 16:22:32,404 [Worker-14] INFO  o.e.m.c.i.embedder.EclipseLogger - skip non existing resourceDirectory /home/ubuntu/Seminario/Web/src/main/resources
2016-04-11 16:22:32,406 [Worker-14] INFO  o.e.m.c.i.embedder.EclipseLogger - Using 'UTF-8' encoding to copy filtered resources.
2016-04-11 16:22:32,408 [Worker-14] INFO  o.e.m.c.i.embedder.EclipseLogger - skip non existing resourceDirectory /home/ubuntu/Seminario/Web/src/test/resources
2016-04-11 16:23:58,798 [Worker-5] INFO  o.e.m.c.i.embedder.EclipseLogger - Using 'UTF-8' encoding to copy filtered resources.
2016-04-11 16:23:58,798 [Worker-5] INFO  o.e.m.c.i.embedder.EclipseLogger - skip non existing resourceDirectory /home/ubuntu/Seminario/Web/src/main/resources
2016-04-11 16:23:58,799 [Worker-5] INFO  o.e.m.c.i.embedder.EclipseLogger - Using 'UTF-8' encoding to copy filtered resources.
2016-04-11 16:23:58,799 [Worker-5] INFO  o.e.m.c.i.embedder.EclipseLogger - skip non existing resourceDirectory /home/ubuntu/Seminario/Web/src/test/resources
2016-04-11 16:25:12,045 [main] INFO  o.e.m.i.discovery.MavenDiscovery - No lifecyle mapping found at jar:file:/tmp/RemoteBundleDiscoveryStrategy4087025486660461953.tmp/org.eclipse.m2e.discovery.oss_catalog_1.6.jar_5703504921335111523.jar!/lifecycle%2Forg.eclipse.m2e.discovery.lifecyclemapping.m2e-egit.xml
2016-04-11 16:25:12,045 [main] WARN  o.e.m.i.discovery.MavenDiscovery - CatalogItem org.eclipse.m2e.discovery.lifecyclemapping.m2e-egit does not contain lifecycle mapping metadata
2016-04-11 16:25:12,046 [main] INFO  o.e.m.i.discovery.MavenDiscovery - No lifecyle mapping found at jar:file:/tmp/RemoteBundleDiscoveryStrategy4087025486660461953.tmp/org.eclipse.m2e.discovery.oss_catalog_1.6.jar_5703504921335111523.jar!/lifecycle%2Forg.eclipse.m2e.discovery.lifecyclemapping.m2e-subversive.xml
2016-04-11 16:25:12,046 [main] WARN  o.e.m.i.discovery.MavenDiscovery - CatalogItem org.eclipse.m2e.discovery.lifecyclemapping.m2e-subversive does not contain lifecycle mapping metadata
